2022-10-21 20:40:15,409
INFO - Bot - Бот запущен
2022-10-21 20:41:11,011
INFO - BotComponentStart - rename - Зпущен компонент id_user: 178963010751168512, discord_name: Ябля
DEBUG - 30 - Проверен пользователь
DEBUG - 43 - Сохранили в базе
DEBUG - 46 - Отправляем сообщение
INFO - BotComponentEnd - rename - Компонент успешно завершен id_user: 178963010751168512, discord_name: Ябля
2022-10-21 20:41:35,799
INFO - BotComponentStart - rerole - Зпущен компонент id_user: 178963010751168512, discord_name: Ябля
DEBUG - 34 - Проверили роли и пользователя
DEBUG - 46 - Изменили роли
DEBUG - 50 - Отправялем сообщение
INFO - BotComponentEnd - rerole - Компонент успешно завершен id_user: 178963010751168512, discord_name: Ябля
2022-10-21 20:41:57,453
INFO - BotComponentStart - rerating - Зпущен компонент id_user: 178963010751168512, discord_name: Ябля
DEBUG - 31 - Проверен пользователь
DEBUG - 43 - Изменили рейтинг
DEBUG - 47 - Отправялем сообщение
INFO - BotComponentEnd - rerating - Компонент успешно завершен id_user: 178963010751168512, discord_name: Ябля
2022-10-21 20:42:21,926
INFO - BotComponentStart - me - Зпущен компонент id_user: 178963010751168512, discord_name: Ябля
DEBUG - 34 - Проверен пользователь
DEBUG - 37 - Отправляем сообщение
INFO - BotComponentEnd - me - Компонент успешно завершен id_user: 178963010751168512, discord_name: Ябля
2022-10-21 20:42:48,369
INFO - BotComponentStart - startevent - Зпущен компонент id_user: 178963010751168512, discord_name: Ябля
DEBUG - 32 - Отправляем сообщение с муляжем события
DEBUG - 52 - Создали роли и канады для события
DEBUG - 62 - Создали событие
INFO - BotComponentEnd - startevent - Компонент успешно завершен id_user: 178963010751168512, discord_name: Ябля
2022-10-21 20:43:01,636
INFO - BotComponentStart - button_participate_event - Зпущен компонент id_user: 178963010751168512, discord_name: Ябля
DEBUG - 27 - Проверен пользователь
DEBUG - 38 - Проверили на изменение имени Discord
DEBUG - 53 - Добавили пользователя в событие
DEBUG - 67 - Добавили пользователю роль
INFO - BotComponentEnd - button_participate_event - Компонент успешно завершен id_user: 178963010751168512, discord_name: Ябля
2022-10-21 20:43:25,015
INFO - BotComponentStart - button_participate_event - Зпущен компонент id_user: 178963010751168512, discord_name: Ябля
DEBUG - 27 - Проверен пользователь
DEBUG - 38 - Проверили на изменение имени Discord
INFO - BotComponentEnd - button_participate_event - Компонент успешно завершен id_user: 178963010751168512, discord_name: Ябля
2022-10-21 20:43:41,421
INFO - BotComponentStart - button_participate_event_check - Зпущен компонент id_user: 178963010751168512, discord_name: Ябля
DEBUG - 28 - Проверен пользователь
DEBUG - 40 - получены пользователи события
DEBUG - 50 - Отправялем сообщение
INFO - BotComponentEnd - button_participate_event_check - Компонент успешно завершен id_user: 178963010751168512, discord_name: Ябля
2022-10-21 20:43:50,837
INFO - BotComponentStart - button_leave_event - Зпущен компонент id_user: 178963010751168512, discord_name: Ябля
DEBUG - 27 - Проверили пользователя
DEBUG - 42 - Удалил пользователя из базы события
DEBUG - 54 - Забрали роль участника события
INFO - BotComponentEnd - button_leave_event - Компонент успешно завершен id_user: 178963010751168512, discord_name: Ябля
2022-10-21 20:44:35,162
INFO - BotComponentStart - button_leave_event - Зпущен компонент id_user: 178963010751168512, discord_name: Ябля
DEBUG - 27 - Проверили пользователя
INFO - BotComponentEnd - button_leave_event - Компонент успешно завершен id_user: 178963010751168512, discord_name: Ябля
2022-10-21 20:44:47,186
INFO - BotComponentStart - button_participate_event - Зпущен компонент id_user: 178963010751168512, discord_name: Ябля
DEBUG - 27 - Проверен пользователь
DEBUG - 38 - Проверили на изменение имени Discord
DEBUG - 53 - Добавили пользователя в событие
DEBUG - 67 - Добавили пользователю роль
INFO - BotComponentEnd - button_participate_event - Компонент успешно завершен id_user: 178963010751168512, discord_name: Ябля
2022-10-21 20:44:50,455
INFO - BotComponentStart - button_start_dm_mess - Зпущен компонент id_user: 178963010751168512, discord_name: Ябля
DEBUG - 30 - Проверили роль пользователя
DEBUG - 51 - Получиили информацию о событии
DEBUG - 64 - Получили список участников события
DEBUG - 74 - Разослали пользователям личные сообщения
DEBUG - 76 - Отправляем сообщение
INFO - BotComponentEnd - button_start_dm_mess - Компонент успешно завершен id_user: 178963010751168512, discord_name: Ябля
2022-10-21 20:45:11,898
INFO - BotComponentStart - button_start_event - Зпущен компонент id_user: 178963010751168512, discord_name: Ябля
DEBUG - 34 - Проверили роль пользователя
DEBUG - 51 - Получили инофрмацию о событии
DEBUG - 63 - Изменили стату события
DEBUG - 79 - Получили пользователей учавствующий в событии
DEBUG - 92 - Сформировали команды
DEBUG - 153 - Создали роли и каналы для команд и раздали роли пользователям
DEBUG - 158 - Отпраляем сообщение
INFO - BotComponentEnd - button_start_event - Компонент успешно завершен id_user: 178963010751168512, discord_name: Ябля
2022-10-21 20:45:41,246
INFO - BotComponentStart - button_participate_event_check_team - Зпущен компонент id_user: 178963010751168512, discord_name: Ябля
DEBUG - 29 - Проверен пользователь
DEBUG - 41 - Получили пользователей в событии
DEBUG - 50 - Отправляем сообщение
INFO - BotComponentEnd - button_participate_event_check_team - Компонент успешно завершен id_user: 178963010751168512, discord_name: Ябля
2022-10-21 20:46:12,609
INFO - BotComponentStart - button_end_event - Зпущен компонент id_user: 178963010751168512, discord_name: Ябля
DEBUG - 32 - Роль пользователя проверена
DEBUG - 49 - Получили событие
DEBUG - 61 - Изменили стату события
DEBUG - 93 - Удалили созданые роли и каналы
DEBUG - 97 - Отправляем сообщение
INFO - BotComponentEnd - button_end_event - Компонент успешно завершен id_user: 178963010751168512, discord_name: Ябля
2022-10-22 01:26:30,602
INFO - Bot - Бот запущен
2022-10-22 01:27:26,758
INFO - Bot - Бот запущен
2022-10-22 01:29:34,355
INFO - Bot - Бот запущен
2022-10-22 01:29:54,917
INFO - Bot - Бот запущен
2022-10-22 01:30:25,702
INFO - Bot - Бот запущен
2022-10-22 01:30:25,702
ERROR - Bot - ER_0 Произошла ошибка в работе бота, итерация 1 
 Exception: name 'task3' is not defined
2022-10-22 01:30:26,071
INFO - Bot - Бот запущен
2022-10-22 01:30:26,072
ERROR - Bot - ER_0 Произошла ошибка в работе бота, итерация 2 
 Exception: name 'task3' is not defined
2022-10-22 01:30:26,382
INFO - Bot - Бот запущен
2022-10-22 01:30:26,382
ERROR - Bot - ER_0 Произошла ошибка в работе бота, итерация 3 
 Exception: name 'task3' is not defined
2022-10-22 01:30:26,692
INFO - Bot - Бот запущен
2022-10-22 01:30:26,692
ERROR - Bot - ER_0 Произошла ошибка в работе бота, итерация 4 
 Exception: name 'task3' is not defined
2022-10-22 01:30:27,038
INFO - Bot - Бот запущен
2022-10-22 01:30:27,039
ERROR - Bot - ER_0 Произошла ошибка в работе бота, итерация 5 
 Exception: name 'task3' is not defined
2022-10-22 01:30:36,090
INFO - Bot - Бот запущен
2022-10-22 01:30:36,091
ERROR - Bot - ER_0 Произошла ошибка в работе бота, итерация 1 
 Exception: name 'task3' is not defined
2022-10-22 01:30:36,409
INFO - Bot - Бот запущен
2022-10-22 01:30:36,410
ERROR - Bot - ER_0 Произошла ошибка в работе бота, итерация 2 
 Exception: name 'task3' is not defined
2022-10-22 01:30:36,724
INFO - Bot - Бот запущен
2022-10-22 01:30:36,725
ERROR - Bot - ER_0 Произошла ошибка в работе бота, итерация 3 
 Exception: name 'task3' is not defined
2022-10-22 01:30:37,010
INFO - Bot - Бот запущен
2022-10-22 01:30:37,010
ERROR - Bot - ER_0 Произошла ошибка в работе бота, итерация 4 
 Exception: name 'task3' is not defined
2022-10-22 01:30:37,267
INFO - Bot - Бот запущен
2022-10-22 01:30:37,268
ERROR - Bot - ER_0 Произошла ошибка в работе бота, итерация 5 
 Exception: name 'task3' is not defined
2022-10-22 01:31:09,905
INFO - Bot - Бот запущен
2022-10-22 01:31:21,840
INFO - BotComponentStart - me - Зпущен компонент id_user: 178963010751168512, discord_name: Ябля
DEBUG - 34 - Проверен пользователь
DEBUG - 37 - Отправляем сообщение
INFO - BotComponentEnd - me - Компонент успешно завершен id_user: 178963010751168512, discord_name: Ябля
2022-10-22 01:32:23,666
INFO - Bot - Бот запущен
2022-10-22 01:32:48,542
INFO - Bot - Бот запущен
2022-10-22 01:33:19,389
INFO - Bot - Бот запущен
2022-10-22 01:33:37,543
INFO - BotComponentStart - me - Зпущен компонент id_user: 178963010751168512, discord_name: Ябля
DEBUG - 34 - Проверен пользователь
DEBUG - 37 - Отправляем сообщение
INFO - BotComponentEnd - me - Компонент успешно завершен id_user: 178963010751168512, discord_name: Ябля
2022-10-22 01:34:11,379
INFO - Bot - Бот запущен
2022-10-22 01:34:13,403
ERROR - Bot - ER_0 Произошла ошибка в работе бота, итерация 1 
 Exception: local variable 'info_dict' referenced before assignment
2022-10-22 01:34:13,716
INFO - Bot - Бот запущен
2022-10-22 01:34:13,728
ERROR - Bot - ER_0 Произошла ошибка в работе бота, итерация 2 
 Exception: local variable 'info_dict' referenced before assignment
2022-10-22 01:34:14,025
INFO - Bot - Бот запущен
2022-10-22 01:34:14,066
ERROR - Bot - ER_0 Произошла ошибка в работе бота, итерация 3 
 Exception: local variable 'info_dict' referenced before assignment
2022-10-22 01:34:14,347
INFO - Bot - Бот запущен
2022-10-22 01:34:14,357
ERROR - Bot - ER_0 Произошла ошибка в работе бота, итерация 4 
 Exception: local variable 'info_dict' referenced before assignment
2022-10-22 01:34:14,660
INFO - Bot - Бот запущен
2022-10-22 01:34:14,705
ERROR - Bot - ER_0 Произошла ошибка в работе бота, итерация 5 
 Exception: local variable 'info_dict' referenced before assignment
2022-10-22 01:44:41,076
INFO - Bot - Бот запущен
2022-10-22 01:45:45,166
INFO - Bot - Бот запущен
2022-10-22 01:45:45,175
ERROR - Bot - ER_0 Произошла ошибка в работе бота, итерация 1 
 Exception: object Job can't be used in 'await' expression
2022-10-22 01:45:45,471
INFO - Bot - Бот запущен
2022-10-22 01:45:45,477
ERROR - Bot - ER_0 Произошла ошибка в работе бота, итерация 2 
 Exception: object Job can't be used in 'await' expression
2022-10-22 01:45:45,836
INFO - Bot - Бот запущен
2022-10-22 01:45:45,846
ERROR - Bot - ER_0 Произошла ошибка в работе бота, итерация 3 
 Exception: object Job can't be used in 'await' expression
2022-10-22 01:45:46,143
INFO - Bot - Бот запущен
2022-10-22 01:45:46,152
ERROR - Bot - ER_0 Произошла ошибка в работе бота, итерация 4 
 Exception: object Job can't be used in 'await' expression
2022-10-22 01:45:46,447
INFO - Bot - Бот запущен
2022-10-22 01:45:46,464
ERROR - Bot - ER_0 Произошла ошибка в работе бота, итерация 5 
 Exception: object Job can't be used in 'await' expression
2022-10-22 01:46:09,449
INFO - Bot - Бот запущен
2022-10-22 01:46:09,461
ERROR - Bot - ER_0 Произошла ошибка в работе бота, итерация 1 
 Exception: object NoneType can't be used in 'await' expression
2022-10-22 01:46:09,737
INFO - Bot - Бот запущен
2022-10-22 01:46:09,747
ERROR - Bot - ER_0 Произошла ошибка в работе бота, итерация 2 
 Exception: object NoneType can't be used in 'await' expression
2022-10-22 01:46:10,068
INFO - Bot - Бот запущен
2022-10-22 01:46:10,108
ERROR - Bot - ER_0 Произошла ошибка в работе бота, итерация 3 
 Exception: object NoneType can't be used in 'await' expression
2022-10-22 01:46:10,362
INFO - Bot - Бот запущен
2022-10-22 01:46:10,379
ERROR - Bot - ER_0 Произошла ошибка в работе бота, итерация 4 
 Exception: object NoneType can't be used in 'await' expression
2022-10-22 01:46:10,693
INFO - Bot - Бот запущен
2022-10-22 01:46:10,731
ERROR - Bot - ER_0 Произошла ошибка в работе бота, итерация 5 
 Exception: object NoneType can't be used in 'await' expression
2022-10-22 01:48:32,190
INFO - Bot - Бот запущен
2022-10-22 01:48:32,195
ERROR - Bot - ER_0 Произошла ошибка в работе бота, итерация 1 
 Exception: object NoneType can't be used in 'await' expression
2022-10-22 01:48:32,523
INFO - Bot - Бот запущен
2022-10-22 01:48:32,528
ERROR - Bot - ER_0 Произошла ошибка в работе бота, итерация 2 
 Exception: object NoneType can't be used in 'await' expression
2022-10-22 01:48:32,784
INFO - Bot - Бот запущен
2022-10-22 01:48:32,788
ERROR - Bot - ER_0 Произошла ошибка в работе бота, итерация 3 
 Exception: object NoneType can't be used in 'await' expression
2022-10-22 01:48:33,113
INFO - Bot - Бот запущен
2022-10-22 01:48:33,120
ERROR - Bot - ER_0 Произошла ошибка в работе бота, итерация 4 
 Exception: object NoneType can't be used in 'await' expression
2022-10-22 01:48:33,405
INFO - Bot - Бот запущен
2022-10-22 01:48:33,412
ERROR - Bot - ER_0 Произошла ошибка в работе бота, итерация 5 
 Exception: object NoneType can't be used in 'await' expression
2022-10-22 01:49:01,451
INFO - Bot - Бот запущен
2022-10-22 01:51:38,798
INFO - Bot - Бот запущен
2022-10-22 01:51:38,802
ERROR - Bot - ER_0 Произошла ошибка в работе бота, итерация 1 
 Exception: object function can't be used in 'await' expression
2022-10-22 01:51:39,099
INFO - Bot - Бот запущен
2022-10-22 01:51:39,104
ERROR - Bot - ER_0 Произошла ошибка в работе бота, итерация 2 
 Exception: object function can't be used in 'await' expression
2022-10-22 01:51:39,393
INFO - Bot - Бот запущен
2022-10-22 01:51:39,398
ERROR - Bot - ER_0 Произошла ошибка в работе бота, итерация 3 
 Exception: object function can't be used in 'await' expression
2022-10-22 01:51:39,682
INFO - Bot - Бот запущен
2022-10-22 01:51:39,687
ERROR - Bot - ER_0 Произошла ошибка в работе бота, итерация 4 
 Exception: object function can't be used in 'await' expression
2022-10-22 01:51:39,993
INFO - Bot - Бот запущен
2022-10-22 01:51:40,003
ERROR - Bot - ER_0 Произошла ошибка в работе бота, итерация 5 
 Exception: object function can't be used in 'await' expression
2022-10-24 19:47:25,462
INFO - Bot - Бот запущен
2022-10-24 19:48:51,925
INFO - Bot - Бот запущен
2022-10-24 19:49:34,900
INFO - BotComponentStart - me - Зпущен компонент id_user: 178963010751168512, discord_name: Ябля
DEBUG - 34 - Проверен пользователь
DEBUG - 37 - Отправляем сообщение
INFO - BotComponentEnd - me - Компонент успешно завершен id_user: 178963010751168512, discord_name: Ябля
2022-10-24 19:55:38,581
INFO - Bot - Бот запущен
2022-10-24 19:55:47,949
INFO - Bot - Бот запущен
2022-10-24 20:25:54,115
INFO - Bot - Бот запущен
2022-10-24 20:26:00,663
INFO - BotComponentStart - send_log - Зпущен компонент id_user: 178963010751168512, discord_name: Ябля
DEBUG - 28 - Создали дубляры файлов
DEBUG - 33 - Скопировали лог в дубляры
DEBUG - 38 - Создали библиотечные файлы
DEBUG - 42 - Отправили файлы
DEBUG - 47 - Удалили файлы
INFO - BotComponentEnd - send_log - Компонент успешно завершен id_user: 178963010751168512, discord_name: Ябля
2022-10-24 20:26:36,333
INFO - BotComponentStart - send_log - Зпущен компонент id_user: 178963010751168512, discord_name: Ябля
DEBUG - 28 - Создали дубляры файлов
DEBUG - 33 - Скопировали лог в дубляры
DEBUG - 38 - Создали библиотечные файлы
DEBUG - 42 - Отправили файлы
DEBUG - 47 - Удалили файлы
INFO - BotComponentEnd - send_log - Компонент успешно завершен id_user: 178963010751168512, discord_name: Ябля
2022-10-24 20:32:42,635
INFO - Bot - Бот запущен
2022-10-24 20:32:52,955
INFO - BotComponentStart - send_log - Зпущен компонент id_user: 178963010751168512, discord_name: Ябля
DEBUG - 23 - Сгенерировали результырующий лог
DEBUG - 30 - Создали дубляры файлов
DEBUG - 35 - Скопировали лог в дубляры
DEBUG - 40 - Создали библиотечные файлы
DEBUG - 44 - Отправили файлы
DEBUG - 49 - Удалили файлы
INFO - BotComponentEnd - send_log - Компонент успешно завершен id_user: 178963010751168512, discord_name: Ябля
2022-10-24 20:33:13,254
INFO - BotComponentStart - me - Зпущен компонент id_user: 178963010751168512, discord_name: Ябля
DEBUG - 34 - Проверен пользователь
DEBUG - 37 - Отправляем сообщение
INFO - BotComponentEnd - me - Компонент успешно завершен id_user: 178963010751168512, discord_name: Ябля
2022-10-24 20:33:23,049
INFO - BotComponentStart - send_log - Зпущен компонент id_user: 178963010751168512, discord_name: Ябля
DEBUG - 23 - Сгенерировали результырующий лог
DEBUG - 30 - Создали дубляры файлов
DEBUG - 35 - Скопировали лог в дубляры
DEBUG - 40 - Создали библиотечные файлы
DEBUG - 44 - Отправили файлы
DEBUG - 49 - Удалили файлы
INFO - BotComponentEnd - send_log - Компонент успешно завершен id_user: 178963010751168512, discord_name: Ябля
2022-10-24 20:35:04,117
INFO - Bot - Бот запущен
2022-10-24 20:35:19,101
INFO - BotComponentStart - me - Зпущен компонент id_user: 178963010751168512, discord_name: Ябля
DEBUG - 34 - Проверен пользователь
DEBUG - 37 - Отправляем сообщение
INFO - BotComponentEnd - me - Компонент успешно завершен id_user: 178963010751168512, discord_name: Ябля
2022-10-24 20:35:25,095
INFO - BotComponentStart - send_log - Зпущен компонент id_user: 178963010751168512, discord_name: Ябля
DEBUG - 23 - Сгенерировали результырующий лог
DEBUG - 30 - Создали дубляры файлов
DEBUG - 35 - Скопировали лог в дубляры
DEBUG - 40 - Создали библиотечные файлы
DEBUG - 44 - Отправили файлы
DEBUG - 49 - Удалили файлы
INFO - BotComponentEnd - send_log - Компонент успешно завершен id_user: 178963010751168512, discord_name: Ябля
2022-10-24 20:35:51,715
INFO - BotComponentStart - me - Зпущен компонент id_user: 178963010751168512, discord_name: Ябля
DEBUG - 34 - Проверен пользователь
DEBUG - 37 - Отправляем сообщение
INFO - BotComponentEnd - me - Компонент успешно завершен id_user: 178963010751168512, discord_name: Ябля
2022-10-24 20:35:57,968
INFO - BotComponentStart - send_log - Зпущен компонент id_user: 178963010751168512, discord_name: Ябля
DEBUG - 23 - Сгенерировали результырующий лог
DEBUG - 30 - Создали дубляры файлов
DEBUG - 35 - Скопировали лог в дубляры
DEBUG - 40 - Создали библиотечные файлы
DEBUG - 44 - Отправили файлы
DEBUG - 49 - Удалили файлы
INFO - BotComponentEnd - send_log - Компонент успешно завершен id_user: 178963010751168512, discord_name: Ябля
2022-10-24 20:51:37,461
INFO - Bot - Бот запущен
2022-10-24 20:51:46,403
INFO - BotComponentStart - send_log - Зпущен компонент id_user: 178963010751168512, discord_name: Ябля
DEBUG - 23 - Сгенерировали результырующий лог
DEBUG - 30 - Создали дубляры файлов
DEBUG - 35 - Скопировали лог в дубляры
DEBUG - 40 - Создали библиотечные файлы
DEBUG - 44 - Отправили файлы
DEBUG - 49 - Удалили файлы
INFO - BotComponentEnd - send_log - Компонент успешно завершен id_user: 178963010751168512, discord_name: Ябля
2022-10-24 20:52:13,664
INFO - BotComponentStart - send_log - Зпущен компонент id_user: 178963010751168512, discord_name: Ябля
DEBUG - 23 - Сгенерировали результырующий лог
DEBUG - 30 - Создали дубляры файлов
DEBUG - 35 - Скопировали лог в дубляры
DEBUG - 40 - Создали библиотечные файлы
DEBUG - 44 - Отправили файлы
DEBUG - 49 - Удалили файлы
INFO - BotComponentEnd - send_log - Компонент успешно завершен id_user: 178963010751168512, discord_name: Ябля
2022-10-24 20:56:52,443
INFO - Bot - Бот запущен
2022-10-24 20:57:04,493
INFO - BotComponentStart - send_log - Зпущен компонент id_user: 178963010751168512, discord_name: Ябля
DEBUG - 23 - Сгенерировали результырующий лог
DEBUG - 30 - Создали дубляры файлов
DEBUG - 35 - Скопировали лог в дубляры
DEBUG - 40 - Создали библиотечные файлы
DEBUG - 44 - Отправили файлы
DEBUG - 49 - Удалили файлы
INFO - BotComponentEnd - send_log - Компонент успешно завершен id_user: 178963010751168512, discord_name: Ябля
2022-10-24 20:57:20,325
INFO - BotComponentStart - send_log - Зпущен компонент id_user: 178963010751168512, discord_name: Ябля
DEBUG - 23 - Сгенерировали результырующий лог
DEBUG - 30 - Создали дубляры файлов
DEBUG - 35 - Скопировали лог в дубляры
DEBUG - 40 - Создали библиотечные файлы
DEBUG - 44 - Отправили файлы
DEBUG - 49 - Удалили файлы
INFO - BotComponentEnd - send_log - Компонент успешно завершен id_user: 178963010751168512, discord_name: Ябля
2022-10-24 21:07:07,975
INFO - Bot - Бот запущен
2022-10-24 21:07:20,797
INFO - BotComponentStart - send_log - Зпущен компонент id_user: 178963010751168512, discord_name: Ябля
ERROR - BotComponentEnd - send_log - ER Компонент завершен с ошибкой id_user: 178963010751168512, discord_name: Ябля 
 Exception: local variable 'i_1' referenced before assignment
2022-10-24 21:08:42,426
INFO - Bot - Бот запущен
2022-10-24 21:08:52,924
INFO - BotComponentStart - send_log - Зпущен компонент id_user: 178963010751168512, discord_name: Ябля
DEBUG - 23 - Сгенерировали результырующий лог
DEBUG - 30 - Создали дубляры файлов
DEBUG - 35 - Скопировали лог в дубляры
DEBUG - 40 - Создали библиотечные файлы
DEBUG - 44 - Отправили файлы
DEBUG - 49 - Удалили файлы
INFO - BotComponentEnd - send_log - Компонент успешно завершен id_user: 178963010751168512, discord_name: Ябля
2022-10-24 21:09:04,898
INFO - BotComponentStart - send_log - Зпущен компонент id_user: 178963010751168512, discord_name: Ябля
DEBUG - 23 - Сгенерировали результырующий лог
DEBUG - 30 - Создали дубляры файлов
DEBUG - 35 - Скопировали лог в дубляры
DEBUG - 40 - Создали библиотечные файлы
DEBUG - 44 - Отправили файлы
DEBUG - 49 - Удалили файлы
INFO - BotComponentEnd - send_log - Компонент успешно завершен id_user: 178963010751168512, discord_name: Ябля
2022-10-24 21:09:17,532
INFO - BotComponentStart - me - Зпущен компонент id_user: 178963010751168512, discord_name: Ябля
DEBUG - 34 - Проверен пользователь
DEBUG - 37 - Отправляем сообщение
INFO - BotComponentEnd - me - Компонент успешно завершен id_user: 178963010751168512, discord_name: Ябля
2022-10-24 21:09:20,513
INFO - BotComponentStart - me - Зпущен компонент id_user: 178963010751168512, discord_name: Ябля
DEBUG - 34 - Проверен пользователь
DEBUG - 37 - Отправляем сообщение
INFO - BotComponentEnd - me - Компонент успешно завершен id_user: 178963010751168512, discord_name: Ябля
2022-10-24 21:09:25,887
INFO - BotComponentStart - send_log - Зпущен компонент id_user: 178963010751168512, discord_name: Ябля
DEBUG - 23 - Сгенерировали результырующий лог
DEBUG - 30 - Создали дубляры файлов
DEBUG - 35 - Скопировали лог в дубляры
DEBUG - 40 - Создали библиотечные файлы
DEBUG - 44 - Отправили файлы
DEBUG - 49 - Удалили файлы
INFO - BotComponentEnd - send_log - Компонент успешно завершен id_user: 178963010751168512, discord_name: Ябля
2022-10-24 21:14:00,234
INFO - Bot - Бот запущен
2022-10-24 21:14:10,461
INFO - BotComponentStart - send_log - Зпущен компонент id_user: 178963010751168512, discord_name: Ябля
DEBUG - 23 - Сгенерировали результырующий лог
DEBUG - 30 - Создали дубляры файлов
DEBUG - 35 - Скопировали лог в дубляры
DEBUG - 40 - Создали библиотечные файлы
DEBUG - 44 - Отправили файлы
DEBUG - 49 - Удалили файлы
INFO - BotComponentEnd - send_log - Компонент успешно завершен id_user: 178963010751168512, discord_name: Ябля
2022-10-24 21:22:52,183
INFO - Bot - Бот запущен
2022-10-24 21:23:55,137
INFO - Bot - Бот запущен
2022-10-24 21:26:39,595
INFO - Bot - Бот запущен
2022-10-24 21:29:24,238
INFO - Bot - Бот запущен
2022-10-24 21:29:40,826
INFO - BotComponentStart - me - Зпущен компонент id_user: 178963010751168512, discord_name: Ябля
DEBUG - 34 - Проверен пользователь
DEBUG - 37 - Отправляем сообщение
INFO - BotComponentEnd - me - Компонент успешно завершен id_user: 178963010751168512, discord_name: Ябля
2022-10-24 21:46:47,850
INFO - Bot - Бот запущен
2022-10-24 21:46:47,850
ERROR - Bot - ER_0 Произошла ошибка в работе бота, итерация 1 
 Exception: schedule_start() missing 1 required positional argument: 'bot'
2022-10-24 21:46:48,340
INFO - Bot - Бот запущен
2022-10-24 21:46:48,340
ERROR - Bot - ER_0 Произошла ошибка в работе бота, итерация 2 
 Exception: schedule_start() missing 1 required positional argument: 'bot'
2022-10-24 21:46:49,003
INFO - Bot - Бот запущен
2022-10-24 21:46:49,003
ERROR - Bot - ER_0 Произошла ошибка в работе бота, итерация 3 
 Exception: schedule_start() missing 1 required positional argument: 'bot'
2022-10-24 21:46:49,430
INFO - Bot - Бот запущен
2022-10-24 21:46:49,431
ERROR - Bot - ER_0 Произошла ошибка в работе бота, итерация 4 
 Exception: schedule_start() missing 1 required positional argument: 'bot'
2022-10-24 21:46:49,734
INFO - Bot - Бот запущен
2022-10-24 21:46:49,735
ERROR - Bot - ER_0 Произошла ошибка в работе бота, итерация 5 
 Exception: schedule_start() missing 1 required positional argument: 'bot'
2022-10-24 21:48:10,893
INFO - Bot - Бот запущен
2022-10-24 21:48:22,141
INFO - BotComponentStart - me - Зпущен компонент id_user: 178963010751168512, discord_name: Ябля
DEBUG - 34 - Проверен пользователь
DEBUG - 37 - Отправляем сообщение
INFO - BotComponentEnd - me - Компонент успешно завершен id_user: 178963010751168512, discord_name: Ябля
2022-10-24 21:49:24,134
INFO - Bot - Бот запущен
2022-10-24 21:49:30,395
INFO - BotComponentStart - me - Зпущен компонент id_user: 178963010751168512, discord_name: Ябля
DEBUG - 34 - Проверен пользователь
DEBUG - 37 - Отправляем сообщение
INFO - BotComponentEnd - me - Компонент успешно завершен id_user: 178963010751168512, discord_name: Ябля
2022-10-24 21:49:54,145
ERROR - Bot - ER_0 Произошла ошибка в работе бота, итерация 1 
 Exception: 'NoneType' object has no attribute 'debug'
2022-10-24 21:49:54,632
INFO - Bot - Бот запущен
2022-10-24 21:49:56,211
INFO - BotComponentStart - me - Зпущен компонент id_user: 178963010751168512, discord_name: Ябля
DEBUG - 34 - Проверен пользователь
DEBUG - 37 - Отправляем сообщение
ERROR - BotComponentEnd - me - ER Компонент завершен с ошибкой id_user: 178963010751168512, discord_name: Ябля 
 Exception: An error occurred:
Interaction has already been acknowledged., with code '40060' and severity '40'
2022-10-24 21:50:24,658
ERROR - Bot - ER_0 Произошла ошибка в работе бота, итерация 2 
 Exception: 'NoneType' object has no attribute 'debug'
2022-10-24 21:50:25,156
INFO - Bot - Бот запущен
2022-10-24 21:50:54,915
INFO - Bot - Бот запущен
2022-10-24 21:51:30,830
ERROR - Bot - ER_0 Произошла ошибка в работе бота, итерация 1 
 Exception: 'NoneType' object has no attribute 'debug'
2022-10-24 21:51:31,122
INFO - Bot - Бот запущен
2022-10-24 21:52:04,028
ERROR - Bot - ER_0 Произошла ошибка в работе бота, итерация 2 
 Exception: 'NoneType' object has no attribute 'debug'
2022-10-24 21:52:04,611
INFO - Bot - Бот запущен
2022-10-24 21:54:05,971
INFO - Bot - Бот запущен
2022-10-24 21:54:14,207
INFO - BotComponentStart - me - Зпущен компонент id_user: 178963010751168512, discord_name: Ябля
DEBUG - 34 - Проверен пользователь
DEBUG - 37 - Отправляем сообщение
INFO - BotComponentEnd - me - Компонент успешно завершен id_user: 178963010751168512, discord_name: Ябля
DEBUG - 24 - Сгенерировали результырующий лог
DEBUG - 31 - Создали дубляры файлов
DEBUG - 36 - Скопировали лог в дубляры
DEBUG - 41 - Создали библиотечные файлы
2022-10-24 21:54:36,254
ERROR - Bot - ER_0 Произошла ошибка в работе бота, итерация 1 
 Exception: 'Channel' object has no attribute 'command_send'
2022-10-24 21:54:36,619
INFO - Bot - Бот запущен
2022-10-24 21:54:38,090
INFO - BotComponentStart - me - Зпущен компонент id_user: 178963010751168512, discord_name: Ябля
DEBUG - 34 - Проверен пользователь
DEBUG - 37 - Отправляем сообщение
ERROR - BotComponentEnd - me - ER Компонент завершен с ошибкой id_user: 178963010751168512, discord_name: Ябля 
 Exception: An error occurred:
Interaction has already been acknowledged., with code '40060' and severity '40'
DEBUG - 24 - Сгенерировали результырующий лог
DEBUG - 31 - Создали дубляры файлов
DEBUG - 36 - Скопировали лог в дубляры
DEBUG - 41 - Создали библиотечные файлы
2022-10-24 21:55:06,918
ERROR - Bot - ER_0 Произошла ошибка в работе бота, итерация 2 
 Exception: 'Channel' object has no attribute 'command_send'
2022-10-24 21:55:07,495
INFO - Bot - Бот запущен
2022-10-24 21:57:58,536
INFO - Bot - Бот запущен
2022-10-24 21:58:05,674
INFO - BotComponentStart - me - Зпущен компонент id_user: 178963010751168512, discord_name: Ябля
DEBUG - 34 - Проверен пользователь
DEBUG - 37 - Отправляем сообщение
INFO - BotComponentEnd - me - Компонент успешно завершен id_user: 178963010751168512, discord_name: Ябля
DEBUG - 24 - Сгенерировали результырующий лог
DEBUG - 31 - Создали дубляры файлов
DEBUG - 36 - Скопировали лог в дубляры
DEBUG - 41 - Создали библиотечные файлы
DEBUG - 51 - Отправили файлы
DEBUG - 56 - Удалили файлы
DEBUG - 24 - Сгенерировали результырующий лог
DEBUG - 31 - Создали дубляры файлов
DEBUG - 36 - Скопировали лог в дубляры
DEBUG - 41 - Создали библиотечные файлы
DEBUG - 51 - Отправили файлы
DEBUG - 56 - Удалили файлы
2022-10-24 21:59:27,153
INFO - BotComponentStart - me - Зпущен компонент id_user: 178963010751168512, discord_name: Ябля
DEBUG - 34 - Проверен пользователь
DEBUG - 37 - Отправляем сообщение
INFO - BotComponentEnd - me - Компонент успешно завершен id_user: 178963010751168512, discord_name: Ябля
DEBUG - 24 - Сгенерировали результырующий лог
DEBUG - 31 - Создали дубляры файлов
DEBUG - 36 - Скопировали лог в дубляры
DEBUG - 41 - Создали библиотечные файлы
2022-10-24 21:59:30,783
INFO - BotComponentStart - me - Зпущен компонент id_user: 178963010751168512, discord_name: Ябля
DEBUG - 34 - Проверен пользователь
DEBUG - 37 - Отправляем сообщение
DEBUG - 51 - Отправили файлы
DEBUG - 56 - Удалили файлы
INFO - BotComponentEnd - me - Компонент успешно завершен id_user: 178963010751168512, discord_name: Ябля
DEBUG - 24 - Сгенерировали результырующий лог
DEBUG - 31 - Создали дубляры файлов
DEBUG - 36 - Скопировали лог в дубляры
DEBUG - 41 - Создали библиотечные файлы
DEBUG - 51 - Отправили файлы
DEBUG - 56 - Удалили файлы
2022-10-24 22:03:46,912
INFO - Bot - Бот запущен
2022-10-24 22:03:55,266
INFO - BotComponentStart - send_log - Зпущен компонент id_user: 178963010751168512, discord_name: Ябля
DEBUG - 25 - Сгенерировали результырующий лог
DEBUG - 33 - Создали дубляры файлов
DEBUG - 39 - Скопировали лог в дубляры
DEBUG - 45 - Создали библиотечные файлы
DEBUG - 56 - Отправили файлы
DEBUG - 61 - Удалили файлы
INFO - BotComponentEnd - send_log - Компонент успешно завершен id_user: 178963010751168512, discord_name: Ябля
2022-10-24 22:04:17,766
ERROR - Bot - ER_0 Произошла ошибка в работе бота, итерация 1 
 Exception: 'NoneType' object has no attribute 'debug'
2022-10-24 22:04:18,205
INFO - Bot - Бот запущен
2022-10-24 22:04:19,804
INFO - BotComponentStart - send_log - Зпущен компонент id_user: 178963010751168512, discord_name: Ябля
DEBUG - 25 - Сгенерировали результырующий лог
DEBUG - 33 - Создали дубляры файлов
DEBUG - 39 - Скопировали лог в дубляры
DEBUG - 45 - Создали библиотечные файлы
ERROR - BotComponentEnd - send_log - ER Компонент завершен с ошибкой id_user: 178963010751168512, discord_name: Ябля 
 Exception: An error occurred:
Interaction has already been acknowledged., with code '40060' and severity '40'
2022-10-24 22:04:48,925
ERROR - Bot - ER_0 Произошла ошибка в работе бота, итерация 2 
 Exception: 'NoneType' object has no attribute 'debug'
2022-10-24 22:04:49,775
INFO - Bot - Бот запущен
2022-10-24 22:06:40,783
INFO - Bot - Бот запущен
2022-10-24 22:07:27,189
INFO - BotComponentStart - me - Зпущен компонент id_user: 178963010751168512, discord_name: Ябля
DEBUG - 34 - Проверен пользователь
DEBUG - 37 - Отправляем сообщение
INFO - BotComponentEnd - me - Компонент успешно завершен id_user: 178963010751168512, discord_name: Ябля
2022-10-24 22:09:53,475
INFO - Bot - Бот запущен
2022-10-24 22:10:01,553
INFO - BotComponentStart - send_log - Зпущен компонент id_user: 178963010751168512, discord_name: Ябля
DEBUG - 25 - Сгенерировали результырующий лог
DEBUG - 33 - Создали дубляры файлов
DEBUG - 39 - Скопировали лог в дубляры
DEBUG - 45 - Создали библиотечные файлы
ERROR - BotComponentEnd - send_log - ER Компонент завершен с ошибкой id_user: 178963010751168512, discord_name: Ябля 
 Exception: send() got an unexpected keyword argument 'files'
2022-10-24 22:11:26,003
INFO - Bot - Бот запущен
2022-10-24 22:14:35,505
INFO - Bot - Бот запущен
2022-10-24 22:16:03,690
INFO - Bot - Бот запущен
2022-10-24 22:27:22,647
INFO - Bot - Бот запущен
2022-10-24 22:27:22,658
ERROR - Bot - ER_0 Произошла ошибка в работе бота, итерация 1 
 Exception: object function can't be used in 'await' expression
2022-10-24 22:27:23,370
INFO - Bot - Бот запущен
2022-10-24 22:27:23,379
ERROR - Bot - ER_0 Произошла ошибка в работе бота, итерация 2 
 Exception: object function can't be used in 'await' expression
2022-10-24 22:27:23,909
INFO - Bot - Бот запущен
2022-10-24 22:27:23,938
ERROR - Bot - ER_0 Произошла ошибка в работе бота, итерация 3 
 Exception: object function can't be used in 'await' expression
2022-10-24 22:27:24,396
INFO - Bot - Бот запущен
2022-10-24 22:27:24,414
ERROR - Bot - ER_0 Произошла ошибка в работе бота, итерация 4 
 Exception: object function can't be used in 'await' expression
2022-10-24 22:27:24,919
INFO - Bot - Бот запущен
2022-10-24 22:27:24,959
ERROR - Bot - ER_0 Произошла ошибка в работе бота, итерация 5 
 Exception: object function can't be used in 'await' expression
2022-10-24 22:52:27,626
INFO - Bot - Бот запущен
2022-10-24 22:53:09,476
INFO - Bot - Бот запущен
2022-10-24 22:53:53,842
INFO - Bot - Бот запущен
2022-10-24 22:54:37,106
INFO - Bot - Бот запущен
2022-10-24 22:55:05,101
INFO - Bot - Бот запущен
2022-10-24 22:55:29,984
INFO - Bot - Бот запущен
2022-10-24 22:55:41,383
INFO - BotComponentStart - me - Зпущен компонент id_user: 178963010751168512, discord_name: Ябля
DEBUG - 34 - Проверен пользователь
DEBUG - 37 - Отправляем сообщение
INFO - BotComponentEnd - me - Компонент успешно завершен id_user: 178963010751168512, discord_name: Ябля
2022-10-24 22:56:00,728
INFO - Bot - Бот запущен
2022-10-24 22:56:26,873
INFO - Bot - Бот запущен
2022-10-24 22:56:44,057
INFO - BotComponentStart - me - Зпущен компонент id_user: 178963010751168512, discord_name: Ябля
DEBUG - 34 - Проверен пользователь
DEBUG - 37 - Отправляем сообщение
INFO - BotComponentEnd - me - Компонент успешно завершен id_user: 178963010751168512, discord_name: Ябля
2022-10-24 22:57:44,705
INFO - Bot - Бот запущен
2022-10-24 22:58:59,289
INFO - Bot - Бот запущен
2022-10-24 22:59:33,205
INFO - Bot - Бот запущен
2022-10-24 23:01:59,781
INFO - Bot - Бот запущен
2022-10-24 23:05:32,374
INFO - Bot - Бот запущен
2022-10-24 23:06:12,540
INFO - Bot - Бот запущен
2022-10-24 23:06:35,254
INFO - Bot - Бот запущен
2022-10-24 23:07:06,473
INFO - Bot - Бот запущен
2022-10-24 23:07:48,275
INFO - Bot - Бот запущен
2022-10-24 23:08:25,869
INFO - Bot - Бот запущен
2022-10-24 23:13:08,329
INFO - Bot - Бот запущен
2022-10-24 23:13:43,010
INFO - Bot - Бот запущен
2022-10-24 23:14:32,229
INFO - Bot - Бот запущен
2022-10-24 23:15:02,162
INFO - Bot - Бот запущен
2022-10-24 23:16:31,310
INFO - Bot - Бот запущен
2022-10-24 23:16:58,983
INFO - Bot - Бот запущен
2022-10-24 23:17:06,557
INFO - Bot - Бот запущен
2022-10-24 23:17:46,071
INFO - Bot - Бот запущен
2022-10-24 23:19:50,527
INFO - Bot - Бот запущен
2022-10-24 23:20:03,470
INFO - BotComponentStart - me - Зпущен компонент id_user: 178963010751168512, discord_name: Ябля
DEBUG - 34 - Проверен пользователь
DEBUG - 37 - Отправляем сообщение
INFO - BotComponentEnd - me - Компонент успешно завершен id_user: 178963010751168512, discord_name: Ябля
2022-10-24 23:22:13,909
INFO - Bot - Бот запущен
