                                       Срез использованных ресуров за 2022-10-24                                        
------------------------------------------------------------------------------------------------------------------------
--                    Название методов                     --         Общее число вызовов (С последнего файла)        --
------------------------------------------------------------------------------------------------------------------------
--                      Регистрация                        --                          0 (0)                          --
------------------------------------------------------------------------------------------------------------------------
--                    Изминение Имени                      --                          0 (0)                          --
------------------------------------------------------------------------------------------------------------------------
--                   Изменение рейтинга                    --                          0 (0)                          --
------------------------------------------------------------------------------------------------------------------------
--                     Изменение роли                      --                          0 (0)                          --
------------------------------------------------------------------------------------------------------------------------
--                     Узнать о себе                       --                          0 (0)                          --
------------------------------------------------------------------------------------------------------------------------
--                     Запуск события                      --                          0 (0)                          --
------------------------------------------------------------------------------------------------------------------------
--                 Учавствовать в событии                  --                          0 (0)                          --
------------------------------------------------------------------------------------------------------------------------
--            Проверка пользователей в событии             --                          0 (0)                          --
------------------------------------------------------------------------------------------------------------------------
--                     Уйти с события                      --                          0 (0)                          --
------------------------------------------------------------------------------------------------------------------------
--          Разослать сообщение о начале события           --                          0 (0)                          --
------------------------------------------------------------------------------------------------------------------------
--                   Запустить событие                     --                          0 (0)                          --
------------------------------------------------------------------------------------------------------------------------
--                   Закончить событие                     --                          0 (0)                          --
------------------------------------------------------------------------------------------------------------------------
--               Проверка команд в событии                 --                          0 (0)                          --
------------------------------------------------------------------------------------------------------------------------
--                  Вывод лога в дискорд                   --                          0 (0)                          --
------------------------------------------------------------------------------------------------------------------------
--                         Ошибки                          --                          0 (0)                          --
------------------------------------------------------------------------------------------------------------------------
--                    Всего / Ошибок %                     --                     0 (0) / 0 (0) %                     --
------------------------------------------------------------------------------------------------------------------------
